/home/chrisj/atlas_agents/bin/api_gateway.py:70: DeprecationWarning: 
        on_event is deprecated, use lifespan event handlers instead.

        Read more about it in the
        [FastAPI docs for Lifespan Events](https://fastapi.tiangolo.com/advanced/events/).
        
  @app.on_event("startup")
INFO:     Started server process [1865609]
INFO:     Waiting for application startup.
INFO:     Application startup complete.
ERROR:    [Errno 98] error while attempting to bind on address ('0.0.0.0', 8000): [errno 98] address already in use
INFO:     Waiting for application shutdown.
INFO:     Application shutdown complete.
[*] GeminiMAS: Initializing...
[*] GeminiMAS: Hostname: chris-laptop-dev
[*] GeminiMAS: Setting up clients...
[*] GeminiMAS: Connecting to database...
[*] GeminiMAS: Connecting to Redis...
[*] GeminiMAS: Redis Failed (Error 111 connecting to localhost:6379. Connection refused.)
[*] GeminiMAS: Loading history from disk...
[*] GeminiMAS: Active Project: goldeneye
[*] GeminiMAS: Initialization Complete.
[*] GeminiMAS: Initializing...
[+] Atlas Background Heartbeat and Telemetry Broadcaster initiated.
[*] GeminiMAS: Hostname: chris-laptop-dev
