2026-03-07 16:08:44,496 [SENTINEL] INFO: Atlas Sentinel active. Monitoring Swarm health...
2026-03-07 16:08:44,526 [SENTINEL] WARNING: Health Check Failed: B:FAIL F:FAIL T:FAIL
2026-03-07 16:08:44,527 [SENTINEL] WARNING: System degradation detected. Initiating automated recovery...
2026-03-07 16:08:44,598 [SENTINEL] INFO: Recovery sequence complete. Systems operational.
2026-03-07 16:08:44,786 [SENTINEL] INFO: Atlas Sentinel active. Monitoring Swarm health...
2026-03-07 16:08:44,825 [SENTINEL] WARNING: Health Check Failed: B:FAIL F:FAIL T:OK
2026-03-07 16:08:44,826 [SENTINEL] WARNING: System degradation detected. Initiating automated recovery...
2026-03-07 16:08:44,912 [SENTINEL] INFO: Recovery sequence complete. Systems operational.
2026-03-07 16:08:45,139 [SENTINEL] INFO: Atlas Sentinel active. Monitoring Swarm health...
2026-03-07 16:08:45,174 [SENTINEL] WARNING: Health Check Failed: B:FAIL F:FAIL T:OK
2026-03-07 16:08:45,174 [SENTINEL] WARNING: System degradation detected. Initiating automated recovery...
2026-03-07 16:08:45,267 [SENTINEL] INFO: Recovery sequence complete. Systems operational.
2026-03-07 16:08:45,554 [SENTINEL] INFO: Atlas Sentinel active. Monitoring Swarm health...
2026-03-07 16:08:49,183 [SENTINEL] WARNING: Health Check Failed: B:FAIL F:FAIL T:OK
2026-03-07 16:08:49,183 [SENTINEL] WARNING: System degradation detected. Initiating automated recovery...
2026-03-07 16:08:49,253 [SENTINEL] INFO: Recovery sequence complete. Systems operational.
2026-03-07 16:08:49,424 [SENTINEL] INFO: Atlas Sentinel active. Monitoring Swarm health...
2026-03-07 16:08:49,451 [SENTINEL] WARNING: Health Check Failed: B:FAIL F:FAIL T:OK
2026-03-07 16:08:49,452 [SENTINEL] WARNING: System degradation detected. Initiating automated recovery...
2026-03-07 16:08:49,531 [SENTINEL] INFO: Recovery sequence complete. Systems operational.
2026-03-07 16:08:49,667 [SENTINEL] INFO: Atlas Sentinel active. Monitoring Swarm health...
2026-03-07 16:08:49,692 [SENTINEL] WARNING: Health Check Failed: B:FAIL F:FAIL T:OK
2026-03-07 16:08:49,692 [SENTINEL] WARNING: System degradation detected. Initiating automated recovery...
2026-03-07 16:08:49,788 [SENTINEL] INFO: Recovery sequence complete. Systems operational.
2026-03-07 16:08:50,007 [SENTINEL] INFO: Atlas Sentinel active. Monitoring Swarm health...
2026-03-07 16:08:50,044 [SENTINEL] WARNING: Health Check Failed: B:FAIL F:FAIL T:OK
2026-03-07 16:08:50,045 [SENTINEL] WARNING: System degradation detected. Initiating automated recovery...
2026-03-07 16:08:50,211 [SENTINEL] INFO: Recovery sequence complete. Systems operational.
2026-03-07 16:08:50,502 [SENTINEL] INFO: Atlas Sentinel active. Monitoring Swarm health...
2026-03-07 16:08:50,549 [SENTINEL] WARNING: Health Check Failed: B:FAIL F:FAIL T:OK
2026-03-07 16:08:50,550 [SENTINEL] WARNING: System degradation detected. Initiating automated recovery...
2026-03-07 16:08:50,666 [SENTINEL] INFO: Recovery sequence complete. Systems operational.
2026-03-07 16:08:50,844 [SENTINEL] INFO: Atlas Sentinel active. Monitoring Swarm health...
2026-03-07 16:08:50,870 [SENTINEL] WARNING: Health Check Failed: B:FAIL F:FAIL T:OK
2026-03-07 16:08:50,870 [SENTINEL] WARNING: System degradation detected. Initiating automated recovery...
2026-03-07 16:08:50,950 [SENTINEL] INFO: Recovery sequence complete. Systems operational.
2026-03-07 16:08:51,179 [SENTINEL] INFO: Atlas Sentinel active. Monitoring Swarm health...
2026-03-07 16:08:51,215 [SENTINEL] WARNING: Health Check Failed: B:FAIL F:FAIL T:OK
2026-03-07 16:08:51,216 [SENTINEL] WARNING: System degradation detected. Initiating automated recovery...
2026-03-07 16:08:51,316 [SENTINEL] INFO: Recovery sequence complete. Systems operational.
2026-03-07 16:08:51,575 [SENTINEL] INFO: Atlas Sentinel active. Monitoring Swarm health...
2026-03-07 16:08:56,610 [SENTINEL] WARNING: Health Check Failed: B:FAIL F:FAIL T:OK
2026-03-07 16:08:56,611 [SENTINEL] WARNING: System degradation detected. Initiating automated recovery...
2026-03-07 16:08:56,679 [SENTINEL] INFO: Recovery sequence complete. Systems operational.
2026-03-07 16:08:56,963 [SENTINEL] INFO: Atlas Sentinel active. Monitoring Swarm health...
2026-03-07 16:08:57,146 [SENTINEL] WARNING: Health Check Failed: B:FAIL F:FAIL T:OK
2026-03-07 16:08:57,147 [SENTINEL] WARNING: System degradation detected. Initiating automated recovery...
2026-03-07 16:08:57,237 [SENTINEL] INFO: Recovery sequence complete. Systems operational.
2026-03-07 16:08:57,548 [SENTINEL] INFO: Atlas Sentinel active. Monitoring Swarm health...
2026-03-07 16:08:57,586 [SENTINEL] WARNING: Health Check Failed: B:FAIL F:FAIL T:OK
2026-03-07 16:08:57,587 [SENTINEL] WARNING: System degradation detected. Initiating automated recovery...
2026-03-07 16:08:57,688 [SENTINEL] INFO: Recovery sequence complete. Systems operational.
2026-03-07 16:08:57,954 [SENTINEL] INFO: Atlas Sentinel active. Monitoring Swarm health...
2026-03-07 16:09:02,666 [SENTINEL] WARNING: Health Check Failed: B:FAIL F:OK T:OK
2026-03-07 16:09:02,666 [SENTINEL] WARNING: System degradation detected. Initiating automated recovery...
2026-03-07 16:09:02,735 [SENTINEL] INFO: Recovery sequence complete. Systems operational.
2026-03-07 16:09:02,939 [SENTINEL] INFO: Atlas Sentinel active. Monitoring Swarm health...
2026-03-07 16:09:02,972 [SENTINEL] WARNING: Health Check Failed: B:FAIL F:FAIL T:OK
2026-03-07 16:09:02,972 [SENTINEL] WARNING: System degradation detected. Initiating automated recovery...
2026-03-07 16:09:03,129 [SENTINEL] INFO: Recovery sequence complete. Systems operational.
2026-03-07 16:09:03,410 [SENTINEL] INFO: Atlas Sentinel active. Monitoring Swarm health...
2026-03-07 16:09:03,441 [SENTINEL] WARNING: Health Check Failed: B:FAIL F:FAIL T:OK
2026-03-07 16:09:03,441 [SENTINEL] WARNING: System degradation detected. Initiating automated recovery...
2026-03-07 16:09:03,565 [SENTINEL] INFO: Recovery sequence complete. Systems operational.
2026-03-07 16:09:03,807 [SENTINEL] INFO: Atlas Sentinel active. Monitoring Swarm health...
2026-03-07 16:09:08,767 [SENTINEL] WARNING: Health Check Failed: B:FAIL F:OK T:OK
2026-03-07 16:09:08,767 [SENTINEL] WARNING: System degradation detected. Initiating automated recovery...
2026-03-07 16:09:08,848 [SENTINEL] INFO: Recovery sequence complete. Systems operational.
2026-03-07 16:09:09,035 [SENTINEL] INFO: Atlas Sentinel active. Monitoring Swarm health...
2026-03-07 16:09:09,061 [SENTINEL] WARNING: Health Check Failed: B:FAIL F:FAIL T:OK
2026-03-07 16:09:09,061 [SENTINEL] WARNING: System degradation detected. Initiating automated recovery...
2026-03-07 16:09:09,148 [SENTINEL] INFO: Recovery sequence complete. Systems operational.
2026-03-07 16:09:09,343 [SENTINEL] INFO: Atlas Sentinel active. Monitoring Swarm health...
2026-03-07 16:09:09,382 [SENTINEL] WARNING: Health Check Failed: B:FAIL F:FAIL T:OK
2026-03-07 16:09:09,383 [SENTINEL] WARNING: System degradation detected. Initiating automated recovery...
2026-03-07 16:09:09,546 [SENTINEL] INFO: Recovery sequence complete. Systems operational.
2026-03-07 16:09:09,820 [SENTINEL] INFO: Atlas Sentinel active. Monitoring Swarm health...
2026-03-07 16:09:09,863 [SENTINEL] WARNING: Health Check Failed: B:FAIL F:FAIL T:OK
2026-03-07 16:09:09,863 [SENTINEL] WARNING: System degradation detected. Initiating automated recovery...
2026-03-07 16:09:10,015 [SENTINEL] INFO: Recovery sequence complete. Systems operational.
2026-03-07 16:09:10,256 [SENTINEL] INFO: Atlas Sentinel active. Monitoring Swarm health...
2026-03-07 16:09:10,291 [SENTINEL] WARNING: Health Check Failed: B:FAIL F:FAIL T:OK
2026-03-07 16:09:10,291 [SENTINEL] WARNING: System degradation detected. Initiating automated recovery...
2026-03-07 16:09:10,385 [SENTINEL] INFO: Recovery sequence complete. Systems operational.
2026-03-07 16:09:10,597 [SENTINEL] INFO: Atlas Sentinel active. Monitoring Swarm health...
2026-03-07 16:09:10,634 [SENTINEL] WARNING: Health Check Failed: B:FAIL F:FAIL T:OK
2026-03-07 16:09:10,634 [SENTINEL] WARNING: System degradation detected. Initiating automated recovery...
2026-03-07 16:09:10,749 [SENTINEL] INFO: Recovery sequence complete. Systems operational.
2026-03-07 16:09:10,966 [SENTINEL] INFO: Atlas Sentinel active. Monitoring Swarm health...
2026-03-07 16:09:11,001 [SENTINEL] WARNING: Health Check Failed: B:FAIL F:FAIL T:OK
2026-03-07 16:09:11,001 [SENTINEL] WARNING: System degradation detected. Initiating automated recovery...
2026-03-07 16:09:11,102 [SENTINEL] INFO: Recovery sequence complete. Systems operational.
2026-03-07 16:09:11,245 [SENTINEL] INFO: Atlas Sentinel active. Monitoring Swarm health...
2026-03-07 16:09:11,279 [SENTINEL] WARNING: Health Check Failed: B:FAIL F:FAIL T:OK
2026-03-07 16:09:11,280 [SENTINEL] WARNING: System degradation detected. Initiating automated recovery...
2026-03-07 16:09:11,364 [SENTINEL] INFO: Recovery sequence complete. Systems operational.
2026-03-07 16:09:11,514 [SENTINEL] INFO: Atlas Sentinel active. Monitoring Swarm health...
2026-03-07 16:09:11,540 [SENTINEL] WARNING: Health Check Failed: B:FAIL F:FAIL T:OK
2026-03-07 16:09:11,540 [SENTINEL] WARNING: System degradation detected. Initiating automated recovery...
2026-03-07 16:09:11,639 [SENTINEL] INFO: Recovery sequence complete. Systems operational.
2026-03-07 16:09:11,856 [SENTINEL] INFO: Atlas Sentinel active. Monitoring Swarm health...
2026-03-07 16:09:16,418 [SENTINEL] WARNING: Health Check Failed: B:FAIL F:OK T:OK
2026-03-07 16:09:16,418 [SENTINEL] WARNING: System degradation detected. Initiating automated recovery...
2026-03-07 16:09:16,507 [SENTINEL] INFO: Recovery sequence complete. Systems operational.
2026-03-07 16:09:16,818 [SENTINEL] INFO: Atlas Sentinel active. Monitoring Swarm health...
2026-03-07 16:09:16,847 [SENTINEL] WARNING: Health Check Failed: B:FAIL F:FAIL T:OK
2026-03-07 16:09:16,847 [SENTINEL] WARNING: System degradation detected. Initiating automated recovery...
2026-03-07 16:09:16,933 [SENTINEL] INFO: Recovery sequence complete. Systems operational.
2026-03-07 16:09:17,136 [SENTINEL] INFO: Atlas Sentinel active. Monitoring Swarm health...
2026-03-07 16:09:17,171 [SENTINEL] WARNING: Health Check Failed: B:FAIL F:FAIL T:OK
2026-03-07 16:09:17,171 [SENTINEL] WARNING: System degradation detected. Initiating automated recovery...
2026-03-07 16:09:17,253 [SENTINEL] INFO: Recovery sequence complete. Systems operational.
2026-03-07 16:09:17,454 [SENTINEL] INFO: Atlas Sentinel active. Monitoring Swarm health...
2026-03-07 16:09:22,450 [SENTINEL] WARNING: Health Check Failed: B:FAIL F:OK T:OK
2026-03-07 16:09:22,450 [SENTINEL] WARNING: System degradation detected. Initiating automated recovery...
2026-03-07 16:09:22,518 [SENTINEL] INFO: Recovery sequence complete. Systems operational.
2026-03-07 16:09:22,652 [SENTINEL] INFO: Atlas Sentinel active. Monitoring Swarm health...
2026-03-07 16:09:22,678 [SENTINEL] WARNING: Health Check Failed: B:FAIL F:FAIL T:OK
2026-03-07 16:09:22,678 [SENTINEL] WARNING: System degradation detected. Initiating automated recovery...
2026-03-07 16:09:22,767 [SENTINEL] INFO: Recovery sequence complete. Systems operational.
2026-03-07 16:09:22,941 [SENTINEL] INFO: Atlas Sentinel active. Monitoring Swarm health...
2026-03-07 16:09:22,982 [SENTINEL] WARNING: Health Check Failed: B:FAIL F:FAIL T:OK
2026-03-07 16:09:22,983 [SENTINEL] WARNING: System degradation detected. Initiating automated recovery...
2026-03-07 16:09:23,084 [SENTINEL] INFO: Recovery sequence complete. Systems operational.
2026-03-07 16:09:23,269 [SENTINEL] INFO: Atlas Sentinel active. Monitoring Swarm health...
2026-03-07 16:09:23,296 [SENTINEL] WARNING: Health Check Failed: B:FAIL F:FAIL T:OK
2026-03-07 16:09:23,297 [SENTINEL] WARNING: System degradation detected. Initiating automated recovery...
2026-03-07 16:09:23,383 [SENTINEL] INFO: Recovery sequence complete. Systems operational.
2026-03-07 16:09:23,558 [SENTINEL] INFO: Atlas Sentinel active. Monitoring Swarm health...
2026-03-07 16:09:23,597 [SENTINEL] WARNING: Health Check Failed: B:FAIL F:FAIL T:OK
2026-03-07 16:09:23,597 [SENTINEL] WARNING: System degradation detected. Initiating automated recovery...
2026-03-07 16:09:23,704 [SENTINEL] INFO: Recovery sequence complete. Systems operational.
2026-03-07 16:09:23,945 [SENTINEL] INFO: Atlas Sentinel active. Monitoring Swarm health...
2026-03-07 16:09:28,936 [SENTINEL] WARNING: Health Check Failed: B:FAIL F:OK T:OK
2026-03-07 16:09:28,936 [SENTINEL] WARNING: System degradation detected. Initiating automated recovery...
2026-03-07 16:09:29,010 [SENTINEL] INFO: Recovery sequence complete. Systems operational.
2026-03-07 16:09:29,142 [SENTINEL] INFO: Atlas Sentinel active. Monitoring Swarm health...
2026-03-07 16:09:29,167 [SENTINEL] WARNING: Health Check Failed: B:FAIL F:FAIL T:OK
2026-03-07 16:09:29,168 [SENTINEL] WARNING: System degradation detected. Initiating automated recovery...
2026-03-07 16:09:29,243 [SENTINEL] INFO: Recovery sequence complete. Systems operational.
2026-03-07 16:09:29,461 [SENTINEL] INFO: Atlas Sentinel active. Monitoring Swarm health...
2026-03-07 16:09:29,507 [SENTINEL] WARNING: Health Check Failed: B:FAIL F:FAIL T:OK
2026-03-07 16:09:29,507 [SENTINEL] WARNING: System degradation detected. Initiating automated recovery...
2026-03-07 16:09:29,597 [SENTINEL] INFO: Recovery sequence complete. Systems operational.
2026-03-07 16:09:29,834 [SENTINEL] INFO: Atlas Sentinel active. Monitoring Swarm health...
2026-03-07 16:09:29,877 [SENTINEL] WARNING: Health Check Failed: B:FAIL F:FAIL T:OK
2026-03-07 16:09:29,878 [SENTINEL] WARNING: System degradation detected. Initiating automated recovery...
2026-03-07 16:09:29,996 [SENTINEL] INFO: Recovery sequence complete. Systems operational.
2026-03-07 16:09:30,161 [SENTINEL] INFO: Atlas Sentinel active. Monitoring Swarm health...
2026-03-07 16:09:30,191 [SENTINEL] WARNING: Health Check Failed: B:FAIL F:FAIL T:OK
2026-03-07 16:09:30,192 [SENTINEL] WARNING: System degradation detected. Initiating automated recovery...
2026-03-07 16:09:30,323 [SENTINEL] INFO: Recovery sequence complete. Systems operational.
2026-03-07 16:09:30,541 [SENTINEL] INFO: Atlas Sentinel active. Monitoring Swarm health...
2026-03-07 16:09:30,588 [SENTINEL] WARNING: Health Check Failed: B:FAIL F:FAIL T:OK
2026-03-07 16:09:30,589 [SENTINEL] WARNING: System degradation detected. Initiating automated recovery...
2026-03-07 16:09:30,698 [SENTINEL] INFO: Recovery sequence complete. Systems operational.
2026-03-07 16:09:30,909 [SENTINEL] INFO: Atlas Sentinel active. Monitoring Swarm health...
2026-03-07 16:09:35,528 [SENTINEL] WARNING: Health Check Failed: B:FAIL F:OK T:OK
2026-03-07 16:09:35,528 [SENTINEL] WARNING: System degradation detected. Initiating automated recovery...
2026-03-07 16:09:35,616 [SENTINEL] INFO: Recovery sequence complete. Systems operational.
2026-03-07 16:09:35,805 [SENTINEL] INFO: Atlas Sentinel active. Monitoring Swarm health...
2026-03-07 16:09:35,845 [SENTINEL] WARNING: Health Check Failed: B:FAIL F:FAIL T:OK
2026-03-07 16:09:35,845 [SENTINEL] WARNING: System degradation detected. Initiating automated recovery...
2026-03-07 16:09:35,949 [SENTINEL] INFO: Recovery sequence complete. Systems operational.
2026-03-07 16:09:36,188 [SENTINEL] INFO: Atlas Sentinel active. Monitoring Swarm health...
2026-03-07 16:09:36,215 [SENTINEL] WARNING: Health Check Failed: B:FAIL F:FAIL T:OK
2026-03-07 16:09:36,215 [SENTINEL] WARNING: System degradation detected. Initiating automated recovery...
2026-03-07 16:09:36,337 [SENTINEL] INFO: Recovery sequence complete. Systems operational.
2026-03-07 16:09:36,736 [SENTINEL] INFO: Atlas Sentinel active. Monitoring Swarm health...
2026-03-07 16:09:36,791 [SENTINEL] WARNING: Health Check Failed: B:FAIL F:FAIL T:OK
2026-03-07 16:09:36,791 [SENTINEL] WARNING: System degradation detected. Initiating automated recovery...
2026-03-07 16:09:37,011 [SENTINEL] INFO: Recovery sequence complete. Systems operational.
2026-03-07 16:09:37,235 [SENTINEL] INFO: Atlas Sentinel active. Monitoring Swarm health...
2026-03-07 16:09:37,276 [SENTINEL] WARNING: Health Check Failed: B:FAIL F:FAIL T:OK
2026-03-07 16:09:37,276 [SENTINEL] WARNING: System degradation detected. Initiating automated recovery...
2026-03-07 16:09:37,444 [SENTINEL] INFO: Recovery sequence complete. Systems operational.
2026-03-07 16:09:37,653 [SENTINEL] INFO: Atlas Sentinel active. Monitoring Swarm health...
2026-03-07 16:09:41,979 [SENTINEL] WARNING: Health Check Failed: B:FAIL F:OK T:OK
2026-03-07 16:09:41,979 [SENTINEL] WARNING: System degradation detected. Initiating automated recovery...
2026-03-07 16:09:42,058 [SENTINEL] INFO: Recovery sequence complete. Systems operational.
2026-03-07 16:09:42,214 [SENTINEL] INFO: Atlas Sentinel active. Monitoring Swarm health...
2026-03-07 16:09:42,252 [SENTINEL] WARNING: Health Check Failed: B:FAIL F:FAIL T:OK
2026-03-07 16:09:42,252 [SENTINEL] WARNING: System degradation detected. Initiating automated recovery...
2026-03-07 16:09:42,389 [SENTINEL] INFO: Recovery sequence complete. Systems operational.
2026-03-07 16:09:42,618 [SENTINEL] INFO: Atlas Sentinel active. Monitoring Swarm health...
2026-03-07 16:09:42,669 [SENTINEL] WARNING: Health Check Failed: B:FAIL F:FAIL T:OK
2026-03-07 16:09:42,669 [SENTINEL] WARNING: System degradation detected. Initiating automated recovery...
2026-03-07 16:09:42,767 [SENTINEL] INFO: Recovery sequence complete. Systems operational.
2026-03-07 16:09:43,033 [SENTINEL] INFO: Atlas Sentinel active. Monitoring Swarm health...
2026-03-07 16:09:43,075 [SENTINEL] WARNING: Health Check Failed: B:FAIL F:FAIL T:OK
2026-03-07 16:09:43,075 [SENTINEL] WARNING: System degradation detected. Initiating automated recovery...
2026-03-07 16:09:43,239 [SENTINEL] INFO: Recovery sequence complete. Systems operational.
2026-03-07 16:09:43,648 [SENTINEL] INFO: Atlas Sentinel active. Monitoring Swarm health...
2026-03-07 16:09:44,694 [SENTINEL] WARNING: Health Check Failed: B:FAIL F:FAIL T:OK
2026-03-07 16:09:44,694 [SENTINEL] WARNING: System degradation detected. Initiating automated recovery...
2026-03-07 16:09:44,882 [SENTINEL] INFO: Recovery sequence complete. Systems operational.
2026-03-07 16:09:44,962 [SENTINEL] INFO: Atlas Sentinel active. Monitoring Swarm health...
2026-03-07 16:09:45,009 [SENTINEL] WARNING: Health Check Failed: B:FAIL F:FAIL T:OK
2026-03-07 16:09:45,010 [SENTINEL] WARNING: System degradation detected. Initiating automated recovery...
2026-03-07 16:09:45,115 [SENTINEL] INFO: Atlas Sentinel active. Monitoring Swarm health...
2026-03-07 16:09:45,158 [SENTINEL] WARNING: Health Check Failed: B:FAIL F:FAIL T:OK
2026-03-07 16:09:45,158 [SENTINEL] WARNING: System degradation detected. Initiating automated recovery...
2026-03-07 16:09:45,219 [SENTINEL] INFO: Recovery sequence complete. Systems operational.
2026-03-07 16:09:45,437 [SENTINEL] INFO: Recovery sequence complete. Systems operational.
2026-03-07 16:09:45,461 [SENTINEL] INFO: Atlas Sentinel active. Monitoring Swarm health...
2026-03-07 16:09:45,510 [SENTINEL] WARNING: Health Check Failed: B:FAIL F:FAIL T:OK
2026-03-07 16:09:45,510 [SENTINEL] WARNING: System degradation detected. Initiating automated recovery...
2026-03-07 16:09:45,679 [SENTINEL] INFO: Recovery sequence complete. Systems operational.
2026-03-07 16:09:45,759 [SENTINEL] INFO: Atlas Sentinel active. Monitoring Swarm health...
2026-03-07 16:09:45,851 [SENTINEL] WARNING: Health Check Failed: B:FAIL F:FAIL T:OK
2026-03-07 16:09:45,851 [SENTINEL] WARNING: System degradation detected. Initiating automated recovery...
2026-03-07 16:09:46,012 [SENTINEL] INFO: Recovery sequence complete. Systems operational.
2026-03-07 16:09:46,265 [SENTINEL] INFO: Atlas Sentinel active. Monitoring Swarm health...
2026-03-07 16:09:46,368 [SENTINEL] WARNING: Health Check Failed: B:FAIL F:FAIL T:OK
2026-03-07 16:09:46,368 [SENTINEL] WARNING: System degradation detected. Initiating automated recovery...
2026-03-07 16:09:46,393 [SENTINEL] INFO: Atlas Sentinel active. Monitoring Swarm health...
2026-03-07 16:09:46,631 [SENTINEL] INFO: Recovery sequence complete. Systems operational.
2026-03-07 16:09:46,686 [SENTINEL] WARNING: Health Check Failed: B:FAIL F:FAIL T:OK
2026-03-07 16:09:46,686 [SENTINEL] WARNING: System degradation detected. Initiating automated recovery...
2026-03-07 16:09:46,945 [SENTINEL] INFO: Atlas Sentinel active. Monitoring Swarm health...
2026-03-07 16:09:47,050 [SENTINEL] INFO: Recovery sequence complete. Systems operational.
2026-03-07 16:09:47,584 [SENTINEL] INFO: Atlas Sentinel active. Monitoring Swarm health...
2026-03-07 16:09:49,824 [SENTINEL] WARNING: Health Check Failed: B:FAIL F:FAIL T:OK
2026-03-07 16:09:49,825 [SENTINEL] WARNING: System degradation detected. Initiating automated recovery...
2026-03-07 16:09:49,833 [SENTINEL] WARNING: Health Check Failed: B:FAIL F:FAIL T:OK
2026-03-07 16:09:49,833 [SENTINEL] WARNING: System degradation detected. Initiating automated recovery...
2026-03-07 16:09:49,989 [SENTINEL] INFO: Recovery sequence complete. Systems operational.
2026-03-07 16:09:49,990 [SENTINEL] INFO: Recovery sequence complete. Systems operational.
2026-03-07 16:09:50,309 [SENTINEL] INFO: Atlas Sentinel active. Monitoring Swarm health...
2026-03-07 16:09:50,342 [SENTINEL] INFO: Atlas Sentinel active. Monitoring Swarm health...
2026-03-07 16:09:50,356 [SENTINEL] WARNING: Health Check Failed: B:FAIL F:FAIL T:OK
2026-03-07 16:09:50,356 [SENTINEL] WARNING: System degradation detected. Initiating automated recovery...
2026-03-07 16:09:50,384 [SENTINEL] WARNING: Health Check Failed: B:FAIL F:FAIL T:OK
2026-03-07 16:09:50,384 [SENTINEL] WARNING: System degradation detected. Initiating automated recovery...
2026-03-07 16:09:50,548 [SENTINEL] INFO: Recovery sequence complete. Systems operational.
2026-03-07 16:09:50,557 [SENTINEL] INFO: Recovery sequence complete. Systems operational.
2026-03-07 16:09:50,828 [SENTINEL] INFO: Atlas Sentinel active. Monitoring Swarm health...
2026-03-07 16:09:50,869 [SENTINEL] WARNING: Health Check Failed: B:FAIL F:FAIL T:OK
2026-03-07 16:09:50,869 [SENTINEL] WARNING: System degradation detected. Initiating automated recovery...
2026-03-07 16:09:50,879 [SENTINEL] INFO: Atlas Sentinel active. Monitoring Swarm health...
2026-03-07 16:09:51,009 [SENTINEL] WARNING: Health Check Failed: B:FAIL F:FAIL T:OK
2026-03-07 16:09:51,009 [SENTINEL] WARNING: System degradation detected. Initiating automated recovery...
2026-03-07 16:09:51,192 [SENTINEL] INFO: Recovery sequence complete. Systems operational.
2026-03-07 16:09:51,192 [SENTINEL] INFO: Recovery sequence complete. Systems operational.
2026-03-07 16:09:51,561 [SENTINEL] INFO: Atlas Sentinel active. Monitoring Swarm health...
2026-03-07 16:09:51,622 [SENTINEL] INFO: Atlas Sentinel active. Monitoring Swarm health...
2026-03-07 16:09:56,623 [SENTINEL] WARNING: Health Check Failed: B:FAIL F:FAIL T:OK
2026-03-07 16:09:56,624 [SENTINEL] WARNING: System degradation detected. Initiating automated recovery...
2026-03-07 16:09:56,701 [SENTINEL] WARNING: Health Check Failed: B:FAIL F:FAIL T:OK
2026-03-07 16:09:56,701 [SENTINEL] WARNING: System degradation detected. Initiating automated recovery...
2026-03-07 16:09:56,759 [SENTINEL] INFO: Recovery sequence complete. Systems operational.
2026-03-07 16:09:56,798 [SENTINEL] INFO: Recovery sequence complete. Systems operational.
2026-03-07 16:09:57,306 [SENTINEL] INFO: Atlas Sentinel active. Monitoring Swarm health...
2026-03-07 16:09:57,309 [SENTINEL] INFO: Atlas Sentinel active. Monitoring Swarm health...
2026-03-07 16:09:57,348 [SENTINEL] WARNING: Health Check Failed: B:FAIL F:FAIL T:OK
2026-03-07 16:09:57,348 [SENTINEL] WARNING: System degradation detected. Initiating automated recovery...
2026-03-07 16:09:57,351 [SENTINEL] WARNING: Health Check Failed: B:FAIL F:FAIL T:OK
2026-03-07 16:09:57,351 [SENTINEL] WARNING: System degradation detected. Initiating automated recovery...
2026-03-07 16:09:57,486 [SENTINEL] INFO: Recovery sequence complete. Systems operational.
2026-03-07 16:09:57,519 [SENTINEL] INFO: Recovery sequence complete. Systems operational.
2026-03-07 16:09:57,856 [SENTINEL] INFO: Atlas Sentinel active. Monitoring Swarm health...
2026-03-07 16:09:57,887 [SENTINEL] INFO: Atlas Sentinel active. Monitoring Swarm health...
2026-03-07 16:09:57,954 [SENTINEL] WARNING: Health Check Failed: B:FAIL F:FAIL T:OK
2026-03-07 16:09:57,955 [SENTINEL] WARNING: System degradation detected. Initiating automated recovery...
2026-03-07 16:09:57,990 [SENTINEL] WARNING: Health Check Failed: B:FAIL F:FAIL T:OK
2026-03-07 16:09:57,991 [SENTINEL] WARNING: System degradation detected. Initiating automated recovery...
2026-03-07 16:09:58,296 [SENTINEL] INFO: Recovery sequence complete. Systems operational.
2026-03-07 16:09:58,316 [SENTINEL] INFO: Recovery sequence complete. Systems operational.
2026-03-07 16:09:58,637 [SENTINEL] INFO: Atlas Sentinel active. Monitoring Swarm health...
2026-03-07 16:09:58,663 [SENTINEL] INFO: Atlas Sentinel active. Monitoring Swarm health...
2026-03-07 16:09:58,694 [SENTINEL] WARNING: Health Check Failed: B:FAIL F:FAIL T:OK
2026-03-07 16:09:58,694 [SENTINEL] WARNING: System degradation detected. Initiating automated recovery...
2026-03-07 16:09:58,722 [SENTINEL] WARNING: Health Check Failed: B:FAIL F:FAIL T:OK
2026-03-07 16:09:58,723 [SENTINEL] WARNING: System degradation detected. Initiating automated recovery...
2026-03-07 16:09:58,901 [SENTINEL] INFO: Recovery sequence complete. Systems operational.
2026-03-07 16:09:58,928 [SENTINEL] INFO: Recovery sequence complete. Systems operational.
2026-03-07 16:09:59,190 [SENTINEL] INFO: Atlas Sentinel active. Monitoring Swarm health...
2026-03-07 16:09:59,505 [SENTINEL] INFO: Atlas Sentinel active. Monitoring Swarm health...
2026-03-07 16:10:04,235 [SENTINEL] WARNING: Health Check Failed: B:FAIL F:FAIL T:OK
2026-03-07 16:10:04,236 [SENTINEL] WARNING: System degradation detected. Initiating automated recovery...
2026-03-07 16:10:04,332 [SENTINEL] WARNING: Health Check Failed: B:FAIL F:FAIL T:OK
2026-03-07 16:10:04,332 [SENTINEL] WARNING: System degradation detected. Initiating automated recovery...
2026-03-07 16:10:04,335 [SENTINEL] INFO: Recovery sequence complete. Systems operational.
2026-03-07 16:10:04,433 [SENTINEL] INFO: Recovery sequence complete. Systems operational.
2026-03-07 16:10:04,762 [SENTINEL] INFO: Atlas Sentinel active. Monitoring Swarm health...
2026-03-07 16:10:04,762 [SENTINEL] INFO: Atlas Sentinel active. Monitoring Swarm health...
2026-03-07 16:10:04,807 [SENTINEL] WARNING: Health Check Failed: B:FAIL F:FAIL T:OK
2026-03-07 16:10:04,808 [SENTINEL] WARNING: System degradation detected. Initiating automated recovery...
2026-03-07 16:10:04,809 [SENTINEL] WARNING: Health Check Failed: B:FAIL F:FAIL T:OK
2026-03-07 16:10:04,809 [SENTINEL] WARNING: System degradation detected. Initiating automated recovery...
2026-03-07 16:10:05,008 [SENTINEL] INFO: Recovery sequence complete. Systems operational.
2026-03-07 16:10:05,013 [SENTINEL] INFO: Recovery sequence complete. Systems operational.
2026-03-07 16:10:05,159 [SENTINEL] INFO: Atlas Sentinel active. Monitoring Swarm health...
2026-03-07 16:10:05,198 [SENTINEL] INFO: Atlas Sentinel active. Monitoring Swarm health...
2026-03-07 16:10:05,216 [SENTINEL] WARNING: Health Check Failed: B:FAIL F:FAIL T:OK
2026-03-07 16:10:05,217 [SENTINEL] WARNING: System degradation detected. Initiating automated recovery...
2026-03-07 16:10:05,248 [SENTINEL] WARNING: Health Check Failed: B:FAIL F:FAIL T:OK
2026-03-07 16:10:05,248 [SENTINEL] WARNING: System degradation detected. Initiating automated recovery...
2026-03-07 16:10:05,434 [SENTINEL] INFO: Recovery sequence complete. Systems operational.
2026-03-07 16:10:05,470 [SENTINEL] INFO: Recovery sequence complete. Systems operational.
2026-03-07 16:10:05,765 [SENTINEL] INFO: Atlas Sentinel active. Monitoring Swarm health...
2026-03-07 16:10:05,832 [SENTINEL] WARNING: Health Check Failed: B:FAIL F:FAIL T:OK
2026-03-07 16:10:05,833 [SENTINEL] WARNING: System degradation detected. Initiating automated recovery...
2026-03-07 16:10:06,025 [SENTINEL] INFO: Atlas Sentinel active. Monitoring Swarm health...
2026-03-07 16:10:06,100 [SENTINEL] INFO: Recovery sequence complete. Systems operational.
2026-03-07 16:10:06,149 [SENTINEL] WARNING: Health Check Failed: B:FAIL F:FAIL T:OK
2026-03-07 16:10:06,149 [SENTINEL] WARNING: System degradation detected. Initiating automated recovery...
2026-03-07 16:10:06,494 [SENTINEL] INFO: Recovery sequence complete. Systems operational.
2026-03-07 16:10:06,655 [SENTINEL] INFO: Atlas Sentinel active. Monitoring Swarm health...
2026-03-07 16:10:06,725 [SENTINEL] WARNING: Health Check Failed: B:FAIL F:FAIL T:OK
2026-03-07 16:10:06,725 [SENTINEL] WARNING: System degradation detected. Initiating automated recovery...
2026-03-07 16:10:06,744 [SENTINEL] INFO: Atlas Sentinel active. Monitoring Swarm health...
2026-03-07 16:10:06,804 [SENTINEL] WARNING: Health Check Failed: B:FAIL F:FAIL T:OK
2026-03-07 16:10:06,804 [SENTINEL] WARNING: System degradation detected. Initiating automated recovery...
2026-03-07 16:10:06,938 [SENTINEL] INFO: Recovery sequence complete. Systems operational.
2026-03-07 16:10:06,982 [SENTINEL] INFO: Recovery sequence complete. Systems operational.
2026-03-07 16:10:07,633 [SENTINEL] INFO: Atlas Sentinel active. Monitoring Swarm health...
2026-03-07 16:10:07,672 [SENTINEL] INFO: Atlas Sentinel active. Monitoring Swarm health...
2026-03-07 16:10:12,975 [SENTINEL] WARNING: Health Check Failed: B:FAIL F:FAIL T:OK
2026-03-07 16:10:12,975 [SENTINEL] WARNING: Health Check Failed: B:FAIL F:FAIL T:OK
2026-03-07 16:10:13,027 [SENTINEL] WARNING: System degradation detected. Initiating automated recovery...
2026-03-07 16:10:13,027 [SENTINEL] WARNING: System degradation detected. Initiating automated recovery...
2026-03-07 16:10:13,365 [SENTINEL] INFO: Recovery sequence complete. Systems operational.
2026-03-07 16:10:13,366 [SENTINEL] INFO: Recovery sequence complete. Systems operational.
2026-03-07 16:10:14,489 [SENTINEL] INFO: Atlas Sentinel active. Monitoring Swarm health...
2026-03-07 16:10:14,490 [SENTINEL] INFO: Atlas Sentinel active. Monitoring Swarm health...
2026-03-07 16:10:14,580 [SENTINEL] WARNING: Health Check Failed: B:FAIL F:FAIL T:OK
2026-03-07 16:10:14,580 [SENTINEL] WARNING: System degradation detected. Initiating automated recovery...
2026-03-07 16:10:14,597 [SENTINEL] WARNING: Health Check Failed: B:FAIL F:FAIL T:OK
2026-03-07 16:10:14,597 [SENTINEL] WARNING: System degradation detected. Initiating automated recovery...
2026-03-07 16:10:14,666 [SENTINEL] WARNING: Health Check Failed: B:FAIL F:FAIL T:OK
2026-03-07 16:10:14,667 [SENTINEL] WARNING: System degradation detected. Initiating automated recovery...
2026-03-07 16:10:14,794 [SENTINEL] INFO: Recovery sequence complete. Systems operational.
2026-03-07 16:10:14,816 [SENTINEL] INFO: Recovery sequence complete. Systems operational.
2026-03-07 16:10:14,895 [SENTINEL] INFO: Recovery sequence complete. Systems operational.
2026-03-07 16:10:15,077 [SENTINEL] WARNING: Health Check Failed: B:FAIL F:FAIL T:OK
2026-03-07 16:10:15,078 [SENTINEL] WARNING: System degradation detected. Initiating automated recovery...
2026-03-07 16:10:15,293 [SENTINEL] INFO: Recovery sequence complete. Systems operational.
2026-03-07 16:10:15,332 [SENTINEL] WARNING: Health Check Failed: B:FAIL F:FAIL T:OK
2026-03-07 16:10:15,332 [SENTINEL] WARNING: System degradation detected. Initiating automated recovery...
2026-03-07 16:10:15,436 [SENTINEL] INFO: Atlas Sentinel active. Monitoring Swarm health...
2026-03-07 16:10:15,573 [SENTINEL] INFO: Atlas Sentinel active. Monitoring Swarm health...
2026-03-07 16:10:15,583 [SENTINEL] WARNING: Health Check Failed: B:FAIL F:FAIL T:OK
2026-03-07 16:10:15,583 [SENTINEL] WARNING: System degradation detected. Initiating automated recovery...
2026-03-07 16:10:15,592 [SENTINEL] INFO: Atlas Sentinel active. Monitoring Swarm health...
2026-03-07 16:10:15,679 [SENTINEL] INFO: Recovery sequence complete. Systems operational.
2026-03-07 16:10:15,738 [SENTINEL] WARNING: Health Check Failed: B:FAIL F:FAIL T:OK
2026-03-07 16:10:15,739 [SENTINEL] WARNING: System degradation detected. Initiating automated recovery...
2026-03-07 16:10:15,767 [SENTINEL] WARNING: Health Check Failed: B:FAIL F:FAIL T:OK
2026-03-07 16:10:15,767 [SENTINEL] WARNING: System degradation detected. Initiating automated recovery...
2026-03-07 16:10:15,945 [SENTINEL] INFO: Recovery sequence complete. Systems operational.
2026-03-07 16:10:15,965 [SENTINEL] INFO: Atlas Sentinel active. Monitoring Swarm health...
2026-03-07 16:10:16,173 [SENTINEL] INFO: Recovery sequence complete. Systems operational.
2026-03-07 16:10:16,185 [SENTINEL] WARNING: Health Check Failed: B:FAIL F:FAIL T:OK
2026-03-07 16:10:16,185 [SENTINEL] WARNING: System degradation detected. Initiating automated recovery...
2026-03-07 16:10:16,199 [SENTINEL] INFO: Recovery sequence complete. Systems operational.
2026-03-07 16:10:16,201 [SENTINEL] INFO: Atlas Sentinel active. Monitoring Swarm health...
2026-03-07 16:10:16,402 [SENTINEL] WARNING: Health Check Failed: B:FAIL F:FAIL T:OK
2026-03-07 16:10:16,404 [SENTINEL] WARNING: System degradation detected. Initiating automated recovery...
2026-03-07 16:10:17,037 [SENTINEL] INFO: Recovery sequence complete. Systems operational.
2026-03-07 16:10:17,044 [SENTINEL] INFO: Recovery sequence complete. Systems operational.
2026-03-07 16:10:20,103 [SENTINEL] INFO: Atlas Sentinel active. Monitoring Swarm health...
2026-03-07 16:10:20,103 [SENTINEL] INFO: Atlas Sentinel active. Monitoring Swarm health...
2026-03-07 16:10:20,103 [SENTINEL] INFO: Atlas Sentinel active. Monitoring Swarm health...
2026-03-07 16:11:49,085 [SENTINEL] INFO: Atlas Sentinel active. Monitoring Swarm health...
2026-03-07 16:11:49,103 [SENTINEL] WARNING: Health Check Failed: B:FAIL F:FAIL T:FAIL
2026-03-07 16:11:49,104 [SENTINEL] WARNING: System degradation detected. Initiating automated recovery...
2026-03-07 16:11:49,158 [SENTINEL] INFO: Recovery sequence complete. Systems operational.
2026-03-07 16:11:49,317 [SENTINEL] INFO: Atlas Sentinel active. Monitoring Swarm health...
2026-03-07 16:11:49,335 [SENTINEL] WARNING: Health Check Failed: B:FAIL F:FAIL T:OK
2026-03-07 16:11:49,336 [SENTINEL] WARNING: System degradation detected. Initiating automated recovery...
2026-03-07 16:11:49,390 [SENTINEL] INFO: Recovery sequence complete. Systems operational.
2026-03-07 16:11:49,531 [SENTINEL] INFO: Atlas Sentinel active. Monitoring Swarm health...
2026-03-07 16:11:49,558 [SENTINEL] WARNING: Health Check Failed: B:FAIL F:FAIL T:OK
2026-03-07 16:11:49,559 [SENTINEL] WARNING: System degradation detected. Initiating automated recovery...
2026-03-07 16:11:49,624 [SENTINEL] INFO: Recovery sequence complete. Systems operational.
2026-03-07 16:11:49,791 [SENTINEL] INFO: Atlas Sentinel active. Monitoring Swarm health...
2026-03-07 16:11:49,811 [SENTINEL] WARNING: Health Check Failed: B:FAIL F:FAIL T:OK
2026-03-07 16:11:49,811 [SENTINEL] WARNING: System degradation detected. Initiating automated recovery...
2026-03-07 16:11:49,875 [SENTINEL] INFO: Recovery sequence complete. Systems operational.
2026-03-07 16:11:50,061 [SENTINEL] INFO: Atlas Sentinel active. Monitoring Swarm health...
2026-03-07 16:11:50,086 [SENTINEL] WARNING: Health Check Failed: B:FAIL F:FAIL T:OK
2026-03-07 16:11:50,086 [SENTINEL] WARNING: System degradation detected. Initiating automated recovery...
2026-03-07 16:11:50,161 [SENTINEL] INFO: Recovery sequence complete. Systems operational.
2026-03-07 16:11:50,349 [SENTINEL] INFO: Atlas Sentinel active. Monitoring Swarm health...
2026-03-07 16:11:55,377 [SENTINEL] WARNING: Health Check Failed: B:FAIL F:FAIL T:OK
2026-03-07 16:11:55,377 [SENTINEL] WARNING: System degradation detected. Initiating automated recovery...
2026-03-07 16:11:55,431 [SENTINEL] INFO: Recovery sequence complete. Systems operational.
2026-03-07 16:11:55,547 [SENTINEL] INFO: Atlas Sentinel active. Monitoring Swarm health...
2026-03-07 16:11:55,691 [SENTINEL] WARNING: Health Check Failed: B:FAIL F:FAIL T:OK
2026-03-07 16:11:55,691 [SENTINEL] WARNING: System degradation detected. Initiating automated recovery...
2026-03-07 16:11:55,752 [SENTINEL] INFO: Recovery sequence complete. Systems operational.
2026-03-07 16:11:55,942 [SENTINEL] INFO: Atlas Sentinel active. Monitoring Swarm health...
2026-03-07 16:11:55,963 [SENTINEL] WARNING: Health Check Failed: B:FAIL F:FAIL T:OK
2026-03-07 16:11:55,963 [SENTINEL] WARNING: System degradation detected. Initiating automated recovery...
2026-03-07 16:11:56,034 [SENTINEL] INFO: Recovery sequence complete. Systems operational.
2026-03-07 16:11:56,220 [SENTINEL] INFO: Atlas Sentinel active. Monitoring Swarm health...
2026-03-07 16:12:00,203 [SENTINEL] WARNING: Health Check Failed: B:FAIL F:OK T:OK
2026-03-07 16:12:00,203 [SENTINEL] WARNING: System degradation detected. Initiating automated recovery...
2026-03-07 16:12:00,257 [SENTINEL] INFO: Recovery sequence complete. Systems operational.
2026-03-07 16:12:00,371 [SENTINEL] INFO: Atlas Sentinel active. Monitoring Swarm health...
2026-03-07 16:12:00,390 [SENTINEL] WARNING: Health Check Failed: B:FAIL F:FAIL T:OK
2026-03-07 16:12:00,390 [SENTINEL] WARNING: System degradation detected. Initiating automated recovery...
2026-03-07 16:12:00,444 [SENTINEL] INFO: Recovery sequence complete. Systems operational.
2026-03-07 16:12:00,628 [SENTINEL] INFO: Atlas Sentinel active. Monitoring Swarm health...
2026-03-07 16:12:00,656 [SENTINEL] WARNING: Health Check Failed: B:FAIL F:FAIL T:OK
2026-03-07 16:12:00,657 [SENTINEL] WARNING: System degradation detected. Initiating automated recovery...
2026-03-07 16:12:00,731 [SENTINEL] INFO: Recovery sequence complete. Systems operational.
2026-03-07 16:12:00,913 [SENTINEL] INFO: Atlas Sentinel active. Monitoring Swarm health...
2026-03-07 16:12:00,944 [SENTINEL] WARNING: Health Check Failed: B:FAIL F:FAIL T:OK
2026-03-07 16:12:00,945 [SENTINEL] WARNING: System degradation detected. Initiating automated recovery...
2026-03-07 16:12:01,036 [SENTINEL] INFO: Recovery sequence complete. Systems operational.
2026-03-07 16:12:01,219 [SENTINEL] INFO: Atlas Sentinel active. Monitoring Swarm health...
2026-03-07 16:12:05,185 [SENTINEL] WARNING: Health Check Failed: B:FAIL F:OK T:OK
2026-03-07 16:12:05,185 [SENTINEL] WARNING: System degradation detected. Initiating automated recovery...
2026-03-07 16:12:05,239 [SENTINEL] INFO: Recovery sequence complete. Systems operational.
2026-03-07 16:12:05,366 [SENTINEL] INFO: Atlas Sentinel active. Monitoring Swarm health...
2026-03-07 16:12:05,385 [SENTINEL] WARNING: Health Check Failed: B:FAIL F:FAIL T:OK
2026-03-07 16:12:05,385 [SENTINEL] WARNING: System degradation detected. Initiating automated recovery...
2026-03-07 16:12:05,446 [SENTINEL] INFO: Recovery sequence complete. Systems operational.
2026-03-07 16:12:05,584 [SENTINEL] INFO: Atlas Sentinel active. Monitoring Swarm health...
2026-03-07 16:12:05,604 [SENTINEL] WARNING: Health Check Failed: B:FAIL F:FAIL T:OK
2026-03-07 16:12:05,604 [SENTINEL] WARNING: System degradation detected. Initiating automated recovery...
2026-03-07 16:12:05,665 [SENTINEL] INFO: Recovery sequence complete. Systems operational.
2026-03-07 16:12:05,880 [SENTINEL] INFO: Atlas Sentinel active. Monitoring Swarm health...
2026-03-07 16:12:05,913 [SENTINEL] WARNING: Health Check Failed: B:FAIL F:FAIL T:OK
2026-03-07 16:12:05,913 [SENTINEL] WARNING: System degradation detected. Initiating automated recovery...
2026-03-07 16:12:06,000 [SENTINEL] INFO: Recovery sequence complete. Systems operational.
2026-03-07 16:12:06,143 [SENTINEL] INFO: Atlas Sentinel active. Monitoring Swarm health...
2026-03-07 16:12:06,169 [SENTINEL] WARNING: Health Check Failed: B:FAIL F:FAIL T:OK
2026-03-07 16:12:06,169 [SENTINEL] WARNING: System degradation detected. Initiating automated recovery...
2026-03-07 16:12:06,251 [SENTINEL] INFO: Recovery sequence complete. Systems operational.
2026-03-07 16:12:06,495 [SENTINEL] INFO: Atlas Sentinel active. Monitoring Swarm health...
2026-03-07 16:12:10,628 [SENTINEL] WARNING: Health Check Failed: B:FAIL F:OK T:OK
2026-03-07 16:12:10,628 [SENTINEL] WARNING: System degradation detected. Initiating automated recovery...
2026-03-07 16:12:10,677 [SENTINEL] INFO: Recovery sequence complete. Systems operational.
2026-03-07 16:12:10,813 [SENTINEL] INFO: Atlas Sentinel active. Monitoring Swarm health...
2026-03-07 16:12:10,833 [SENTINEL] WARNING: Health Check Failed: B:FAIL F:FAIL T:OK
2026-03-07 16:12:10,833 [SENTINEL] WARNING: System degradation detected. Initiating automated recovery...
2026-03-07 16:12:10,888 [SENTINEL] INFO: Recovery sequence complete. Systems operational.
2026-03-07 16:12:11,090 [SENTINEL] INFO: Atlas Sentinel active. Monitoring Swarm health...
2026-03-07 16:12:11,119 [SENTINEL] WARNING: Health Check Failed: B:FAIL F:FAIL T:OK
2026-03-07 16:12:11,119 [SENTINEL] WARNING: System degradation detected. Initiating automated recovery...
2026-03-07 16:12:11,189 [SENTINEL] INFO: Recovery sequence complete. Systems operational.
2026-03-07 16:12:11,382 [SENTINEL] INFO: Atlas Sentinel active. Monitoring Swarm health...
2026-03-07 16:12:15,613 [SENTINEL] WARNING: Health Check Failed: B:FAIL F:OK T:OK
2026-03-07 16:12:15,613 [SENTINEL] WARNING: System degradation detected. Initiating automated recovery...
2026-03-07 16:12:15,666 [SENTINEL] INFO: Recovery sequence complete. Systems operational.
2026-03-07 16:12:15,789 [SENTINEL] INFO: Atlas Sentinel active. Monitoring Swarm health...
2026-03-07 16:12:15,808 [SENTINEL] WARNING: Health Check Failed: B:FAIL F:FAIL T:OK
2026-03-07 16:12:15,809 [SENTINEL] WARNING: System degradation detected. Initiating automated recovery...
2026-03-07 16:12:15,873 [SENTINEL] INFO: Recovery sequence complete. Systems operational.
2026-03-07 16:12:16,082 [SENTINEL] INFO: Atlas Sentinel active. Monitoring Swarm health...
2026-03-07 16:12:16,114 [SENTINEL] WARNING: Health Check Failed: B:FAIL F:FAIL T:OK
2026-03-07 16:12:16,114 [SENTINEL] WARNING: System degradation detected. Initiating automated recovery...
2026-03-07 16:12:16,195 [SENTINEL] INFO: Recovery sequence complete. Systems operational.
2026-03-07 16:12:16,424 [SENTINEL] INFO: Atlas Sentinel active. Monitoring Swarm health...
2026-03-07 16:12:20,812 [SENTINEL] WARNING: Health Check Failed: B:FAIL F:OK T:OK
2026-03-07 16:12:20,812 [SENTINEL] WARNING: System degradation detected. Initiating automated recovery...
2026-03-07 16:12:20,869 [SENTINEL] INFO: Recovery sequence complete. Systems operational.
2026-03-07 16:12:21,067 [SENTINEL] INFO: Atlas Sentinel active. Monitoring Swarm health...
2026-03-07 16:12:21,096 [SENTINEL] WARNING: Health Check Failed: B:FAIL F:FAIL T:OK
2026-03-07 16:12:21,096 [SENTINEL] WARNING: System degradation detected. Initiating automated recovery...
2026-03-07 16:12:21,189 [SENTINEL] INFO: Recovery sequence complete. Systems operational.
2026-03-07 16:12:21,385 [SENTINEL] INFO: Atlas Sentinel active. Monitoring Swarm health...
2026-03-07 16:12:21,418 [SENTINEL] WARNING: Health Check Failed: B:FAIL F:FAIL T:OK
2026-03-07 16:12:21,418 [SENTINEL] WARNING: System degradation detected. Initiating automated recovery...
2026-03-07 16:12:21,521 [SENTINEL] INFO: Recovery sequence complete. Systems operational.
2026-03-07 16:12:21,882 [SENTINEL] INFO: Atlas Sentinel active. Monitoring Swarm health...
2026-03-07 16:12:21,931 [SENTINEL] WARNING: Health Check Failed: B:FAIL F:FAIL T:OK
2026-03-07 16:12:21,931 [SENTINEL] WARNING: System degradation detected. Initiating automated recovery...
2026-03-07 16:12:22,078 [SENTINEL] INFO: Recovery sequence complete. Systems operational.
2026-03-07 16:12:22,259 [SENTINEL] INFO: Atlas Sentinel active. Monitoring Swarm health...
2026-03-07 16:12:22,314 [SENTINEL] WARNING: Health Check Failed: B:FAIL F:FAIL T:OK
2026-03-07 16:12:22,315 [SENTINEL] WARNING: System degradation detected. Initiating automated recovery...
2026-03-07 16:12:22,455 [SENTINEL] INFO: Recovery sequence complete. Systems operational.
2026-03-07 16:12:22,638 [SENTINEL] INFO: Atlas Sentinel active. Monitoring Swarm health...
2026-03-07 16:12:22,696 [SENTINEL] WARNING: Health Check Failed: B:FAIL F:FAIL T:OK
2026-03-07 16:12:22,696 [SENTINEL] WARNING: System degradation detected. Initiating automated recovery...
2026-03-07 16:12:22,816 [SENTINEL] INFO: Recovery sequence complete. Systems operational.
2026-03-07 16:12:23,040 [SENTINEL] INFO: Atlas Sentinel active. Monitoring Swarm health...
2026-03-07 16:12:23,064 [SENTINEL] WARNING: Health Check Failed: B:FAIL F:FAIL T:OK
2026-03-07 16:12:23,064 [SENTINEL] WARNING: System degradation detected. Initiating automated recovery...
2026-03-07 16:12:23,142 [SENTINEL] INFO: Recovery sequence complete. Systems operational.
2026-03-07 16:12:23,331 [SENTINEL] INFO: Atlas Sentinel active. Monitoring Swarm health...
2026-03-07 16:12:23,356 [SENTINEL] WARNING: Health Check Failed: B:FAIL F:FAIL T:OK
2026-03-07 16:12:23,356 [SENTINEL] WARNING: System degradation detected. Initiating automated recovery...
2026-03-07 16:12:23,452 [SENTINEL] INFO: Recovery sequence complete. Systems operational.
2026-03-07 16:12:23,738 [SENTINEL] INFO: Atlas Sentinel active. Monitoring Swarm health...
2026-03-07 16:12:28,300 [SENTINEL] WARNING: Health Check Failed: B:FAIL F:OK T:OK
2026-03-07 16:12:28,300 [SENTINEL] WARNING: System degradation detected. Initiating automated recovery...
2026-03-07 16:12:28,359 [SENTINEL] INFO: Recovery sequence complete. Systems operational.
2026-03-07 16:12:28,535 [SENTINEL] INFO: Atlas Sentinel active. Monitoring Swarm health...
2026-03-07 16:12:28,564 [SENTINEL] WARNING: Health Check Failed: B:FAIL F:FAIL T:OK
2026-03-07 16:12:28,564 [SENTINEL] WARNING: System degradation detected. Initiating automated recovery...
2026-03-07 16:12:28,642 [SENTINEL] INFO: Recovery sequence complete. Systems operational.
2026-03-07 16:12:28,851 [SENTINEL] INFO: Atlas Sentinel active. Monitoring Swarm health...
2026-03-07 16:12:28,884 [SENTINEL] WARNING: Health Check Failed: B:FAIL F:FAIL T:OK
2026-03-07 16:12:28,884 [SENTINEL] WARNING: System degradation detected. Initiating automated recovery...
2026-03-07 16:12:28,979 [SENTINEL] INFO: Recovery sequence complete. Systems operational.
2026-03-07 16:12:29,229 [SENTINEL] INFO: Atlas Sentinel active. Monitoring Swarm health...
2026-03-07 16:12:29,265 [SENTINEL] WARNING: Health Check Failed: B:FAIL F:FAIL T:OK
2026-03-07 16:12:29,265 [SENTINEL] WARNING: System degradation detected. Initiating automated recovery...
2026-03-07 16:12:29,371 [SENTINEL] INFO: Recovery sequence complete. Systems operational.
2026-03-07 16:12:29,568 [SENTINEL] INFO: Atlas Sentinel active. Monitoring Swarm health...
2026-03-07 16:12:34,136 [SENTINEL] WARNING: Health Check Failed: B:FAIL F:OK T:OK
2026-03-07 16:12:34,137 [SENTINEL] WARNING: System degradation detected. Initiating automated recovery...
2026-03-07 16:12:34,200 [SENTINEL] INFO: Recovery sequence complete. Systems operational.
2026-03-07 16:12:34,351 [SENTINEL] INFO: Atlas Sentinel active. Monitoring Swarm health...
2026-03-07 16:12:34,383 [SENTINEL] WARNING: Health Check Failed: B:FAIL F:FAIL T:OK
2026-03-07 16:12:34,383 [SENTINEL] WARNING: System degradation detected. Initiating automated recovery...
2026-03-07 16:12:34,455 [SENTINEL] INFO: Recovery sequence complete. Systems operational.
2026-03-07 16:12:34,644 [SENTINEL] INFO: Atlas Sentinel active. Monitoring Swarm health...
2026-03-07 16:12:34,669 [SENTINEL] WARNING: Health Check Failed: B:FAIL F:FAIL T:OK
2026-03-07 16:12:34,669 [SENTINEL] WARNING: System degradation detected. Initiating automated recovery...
2026-03-07 16:12:34,786 [SENTINEL] INFO: Recovery sequence complete. Systems operational.
2026-03-07 16:12:35,057 [SENTINEL] INFO: Atlas Sentinel active. Monitoring Swarm health...
2026-03-07 16:12:35,095 [SENTINEL] WARNING: Health Check Failed: B:FAIL F:FAIL T:OK
2026-03-07 16:12:35,095 [SENTINEL] WARNING: System degradation detected. Initiating automated recovery...
2026-03-07 16:12:35,223 [SENTINEL] INFO: Recovery sequence complete. Systems operational.
2026-03-07 16:12:35,450 [SENTINEL] INFO: Atlas Sentinel active. Monitoring Swarm health...
2026-03-07 16:12:39,864 [SENTINEL] WARNING: Health Check Failed: B:FAIL F:OK T:OK
2026-03-07 16:12:39,865 [SENTINEL] WARNING: System degradation detected. Initiating automated recovery...
2026-03-07 16:12:39,922 [SENTINEL] INFO: Recovery sequence complete. Systems operational.
2026-03-07 16:12:40,050 [SENTINEL] INFO: Atlas Sentinel active. Monitoring Swarm health...
2026-03-07 16:12:40,073 [SENTINEL] WARNING: Health Check Failed: B:FAIL F:FAIL T:OK
2026-03-07 16:12:40,073 [SENTINEL] WARNING: System degradation detected. Initiating automated recovery...
2026-03-07 16:12:40,138 [SENTINEL] INFO: Recovery sequence complete. Systems operational.
2026-03-07 16:12:40,350 [SENTINEL] INFO: Atlas Sentinel active. Monitoring Swarm health...
2026-03-07 16:12:40,376 [SENTINEL] WARNING: Health Check Failed: B:FAIL F:FAIL T:OK
2026-03-07 16:12:40,376 [SENTINEL] WARNING: System degradation detected. Initiating automated recovery...
2026-03-07 16:12:40,460 [SENTINEL] INFO: Recovery sequence complete. Systems operational.
2026-03-07 16:12:40,657 [SENTINEL] INFO: Atlas Sentinel active. Monitoring Swarm health...
2026-03-07 16:12:40,693 [SENTINEL] WARNING: Health Check Failed: B:FAIL F:FAIL T:OK
2026-03-07 16:12:40,693 [SENTINEL] WARNING: System degradation detected. Initiating automated recovery...
2026-03-07 16:12:40,793 [SENTINEL] INFO: Recovery sequence complete. Systems operational.
2026-03-07 16:12:41,023 [SENTINEL] INFO: Atlas Sentinel active. Monitoring Swarm health...
2026-03-07 16:12:41,058 [SENTINEL] WARNING: Health Check Failed: B:FAIL F:FAIL T:OK
2026-03-07 16:12:41,058 [SENTINEL] WARNING: System degradation detected. Initiating automated recovery...
2026-03-07 16:12:41,155 [SENTINEL] INFO: Recovery sequence complete. Systems operational.
2026-03-07 16:12:41,358 [SENTINEL] INFO: Atlas Sentinel active. Monitoring Swarm health...
2026-03-07 16:12:45,605 [SENTINEL] WARNING: Health Check Failed: B:FAIL F:OK T:OK
2026-03-07 16:12:45,605 [SENTINEL] WARNING: System degradation detected. Initiating automated recovery...
2026-03-07 16:12:45,660 [SENTINEL] INFO: Recovery sequence complete. Systems operational.
2026-03-07 16:12:45,790 [SENTINEL] INFO: Atlas Sentinel active. Monitoring Swarm health...
2026-03-07 16:12:45,811 [SENTINEL] WARNING: Health Check Failed: B:FAIL F:FAIL T:OK
2026-03-07 16:12:45,811 [SENTINEL] WARNING: System degradation detected. Initiating automated recovery...
2026-03-07 16:12:45,879 [SENTINEL] INFO: Recovery sequence complete. Systems operational.
2026-03-07 16:12:46,095 [SENTINEL] INFO: Atlas Sentinel active. Monitoring Swarm health...
2026-03-07 16:12:46,138 [SENTINEL] WARNING: Health Check Failed: B:FAIL F:FAIL T:OK
2026-03-07 16:12:46,138 [SENTINEL] WARNING: System degradation detected. Initiating automated recovery...
2026-03-07 16:12:46,222 [SENTINEL] INFO: Recovery sequence complete. Systems operational.
2026-03-07 16:12:46,400 [SENTINEL] INFO: Atlas Sentinel active. Monitoring Swarm health...
2026-03-07 16:12:46,430 [SENTINEL] WARNING: Health Check Failed: B:FAIL F:FAIL T:OK
2026-03-07 16:12:46,430 [SENTINEL] WARNING: System degradation detected. Initiating automated recovery...
2026-03-07 16:12:46,565 [SENTINEL] INFO: Recovery sequence complete. Systems operational.
2026-03-07 16:12:46,755 [SENTINEL] INFO: Atlas Sentinel active. Monitoring Swarm health...
2026-03-07 16:12:51,101 [SENTINEL] WARNING: Health Check Failed: B:FAIL F:OK T:OK
2026-03-07 16:12:51,101 [SENTINEL] WARNING: System degradation detected. Initiating automated recovery...
2026-03-07 16:12:51,170 [SENTINEL] INFO: Recovery sequence complete. Systems operational.
2026-03-07 16:12:51,296 [SENTINEL] INFO: Atlas Sentinel active. Monitoring Swarm health...
2026-03-07 16:12:51,317 [SENTINEL] WARNING: Health Check Failed: B:FAIL F:FAIL T:OK
2026-03-07 16:12:51,317 [SENTINEL] WARNING: System degradation detected. Initiating automated recovery...
2026-03-07 16:12:51,384 [SENTINEL] INFO: Recovery sequence complete. Systems operational.
2026-03-07 16:12:51,574 [SENTINEL] INFO: Atlas Sentinel active. Monitoring Swarm health...
2026-03-07 16:12:51,599 [SENTINEL] WARNING: Health Check Failed: B:FAIL F:FAIL T:OK
2026-03-07 16:12:51,599 [SENTINEL] WARNING: System degradation detected. Initiating automated recovery...
2026-03-07 16:12:51,683 [SENTINEL] INFO: Recovery sequence complete. Systems operational.
2026-03-07 16:12:51,837 [SENTINEL] INFO: Atlas Sentinel active. Monitoring Swarm health...
2026-03-07 16:12:51,862 [SENTINEL] WARNING: Health Check Failed: B:FAIL F:FAIL T:OK
2026-03-07 16:12:51,862 [SENTINEL] WARNING: System degradation detected. Initiating automated recovery...
2026-03-07 16:12:51,974 [SENTINEL] INFO: Recovery sequence complete. Systems operational.
2026-03-07 16:12:52,196 [SENTINEL] INFO: Atlas Sentinel active. Monitoring Swarm health...
2026-03-07 16:12:54,758 [SENTINEL] WARNING: Health Check Failed: B:FAIL F:FAIL T:OK
2026-03-07 16:12:54,758 [SENTINEL] WARNING: System degradation detected. Initiating automated recovery...
2026-03-07 16:12:54,839 [SENTINEL] INFO: Recovery sequence complete. Systems operational.
2026-03-07 16:12:54,949 [SENTINEL] INFO: Atlas Sentinel active. Monitoring Swarm health...
2026-03-07 16:12:54,984 [SENTINEL] WARNING: Health Check Failed: B:FAIL F:FAIL T:OK
2026-03-07 16:12:54,984 [SENTINEL] WARNING: System degradation detected. Initiating automated recovery...
2026-03-07 16:12:55,002 [SENTINEL] INFO: Atlas Sentinel active. Monitoring Swarm health...
2026-03-07 16:12:55,027 [SENTINEL] WARNING: Health Check Failed: B:FAIL F:FAIL T:OK
2026-03-07 16:12:55,027 [SENTINEL] WARNING: System degradation detected. Initiating automated recovery...
2026-03-07 16:12:55,068 [SENTINEL] INFO: Recovery sequence complete. Systems operational.
2026-03-07 16:12:55,156 [SENTINEL] INFO: Recovery sequence complete. Systems operational.
2026-03-07 16:12:55,331 [SENTINEL] INFO: Atlas Sentinel active. Monitoring Swarm health...
2026-03-07 16:12:55,343 [SENTINEL] INFO: Atlas Sentinel active. Monitoring Swarm health...
2026-03-07 16:12:55,392 [SENTINEL] WARNING: Health Check Failed: B:FAIL F:FAIL T:OK
2026-03-07 16:12:55,392 [SENTINEL] WARNING: System degradation detected. Initiating automated recovery...
2026-03-07 16:12:55,393 [SENTINEL] WARNING: Health Check Failed: B:FAIL F:FAIL T:OK
2026-03-07 16:12:55,394 [SENTINEL] WARNING: System degradation detected. Initiating automated recovery...
2026-03-07 16:12:55,544 [SENTINEL] INFO: Recovery sequence complete. Systems operational.
2026-03-07 16:12:55,555 [SENTINEL] INFO: Recovery sequence complete. Systems operational.
2026-03-07 16:12:55,785 [SENTINEL] INFO: Atlas Sentinel active. Monitoring Swarm health...
2026-03-07 16:12:55,826 [SENTINEL] WARNING: Health Check Failed: B:FAIL F:FAIL T:OK
2026-03-07 16:12:55,826 [SENTINEL] WARNING: System degradation detected. Initiating automated recovery...
2026-03-07 16:12:55,837 [SENTINEL] INFO: Atlas Sentinel active. Monitoring Swarm health...
2026-03-07 16:12:55,935 [SENTINEL] WARNING: Health Check Failed: B:FAIL F:FAIL T:OK
2026-03-07 16:12:55,935 [SENTINEL] WARNING: System degradation detected. Initiating automated recovery...
2026-03-07 16:12:55,995 [SENTINEL] INFO: Recovery sequence complete. Systems operational.
2026-03-07 16:12:56,100 [SENTINEL] INFO: Recovery sequence complete. Systems operational.
2026-03-07 16:12:56,264 [SENTINEL] INFO: Atlas Sentinel active. Monitoring Swarm health...
2026-03-07 16:12:56,337 [SENTINEL] WARNING: Health Check Failed: B:FAIL F:FAIL T:OK
2026-03-07 16:12:56,337 [SENTINEL] WARNING: System degradation detected. Initiating automated recovery...
2026-03-07 16:12:56,403 [SENTINEL] INFO: Atlas Sentinel active. Monitoring Swarm health...
2026-03-07 16:12:56,465 [SENTINEL] WARNING: Health Check Failed: B:FAIL F:FAIL T:OK
2026-03-07 16:12:56,465 [SENTINEL] WARNING: System degradation detected. Initiating automated recovery...
2026-03-07 16:12:56,568 [SENTINEL] INFO: Recovery sequence complete. Systems operational.
2026-03-07 16:12:56,706 [SENTINEL] INFO: Recovery sequence complete. Systems operational.
2026-03-07 16:12:56,750 [SENTINEL] INFO: Atlas Sentinel active. Monitoring Swarm health...
2026-03-07 16:12:56,795 [SENTINEL] WARNING: Health Check Failed: B:FAIL F:FAIL T:OK
2026-03-07 16:12:56,795 [SENTINEL] WARNING: System degradation detected. Initiating automated recovery...
2026-03-07 16:12:56,949 [SENTINEL] INFO: Atlas Sentinel active. Monitoring Swarm health...
2026-03-07 16:12:56,963 [SENTINEL] INFO: Recovery sequence complete. Systems operational.
2026-03-07 16:12:57,036 [SENTINEL] WARNING: Health Check Failed: B:FAIL F:FAIL T:OK
2026-03-07 16:12:57,037 [SENTINEL] WARNING: System degradation detected. Initiating automated recovery...
2026-03-07 16:12:57,237 [SENTINEL] INFO: Recovery sequence complete. Systems operational.
2026-03-07 16:12:57,326 [SENTINEL] INFO: Atlas Sentinel active. Monitoring Swarm health...
2026-03-07 16:12:57,390 [SENTINEL] WARNING: Health Check Failed: B:FAIL F:FAIL T:OK
2026-03-07 16:12:57,390 [SENTINEL] WARNING: System degradation detected. Initiating automated recovery...
2026-03-07 16:12:57,488 [SENTINEL] INFO: Atlas Sentinel active. Monitoring Swarm health...
2026-03-07 16:12:57,628 [SENTINEL] WARNING: Health Check Failed: B:FAIL F:FAIL T:OK
2026-03-07 16:12:57,629 [SENTINEL] WARNING: System degradation detected. Initiating automated recovery...
2026-03-07 16:12:57,638 [SENTINEL] INFO: Recovery sequence complete. Systems operational.
2026-03-07 16:12:57,835 [SENTINEL] INFO: Recovery sequence complete. Systems operational.
2026-03-07 16:12:57,900 [SENTINEL] INFO: Atlas Sentinel active. Monitoring Swarm health...
2026-03-07 16:12:58,072 [SENTINEL] INFO: Atlas Sentinel active. Monitoring Swarm health...
2026-03-07 16:13:02,936 [SENTINEL] WARNING: Health Check Failed: B:FAIL F:FAIL T:OK
2026-03-07 16:13:02,936 [SENTINEL] WARNING: System degradation detected. Initiating automated recovery...
2026-03-07 16:13:03,031 [SENTINEL] INFO: Recovery sequence complete. Systems operational.
2026-03-07 16:13:03,031 [SENTINEL] WARNING: Health Check Failed: B:FAIL F:FAIL T:OK
2026-03-07 16:13:03,031 [SENTINEL] WARNING: System degradation detected. Initiating automated recovery...
2026-03-07 16:13:03,113 [SENTINEL] INFO: Recovery sequence complete. Systems operational.
2026-03-07 16:13:03,248 [SENTINEL] INFO: Atlas Sentinel active. Monitoring Swarm health...
2026-03-07 16:13:03,295 [SENTINEL] WARNING: Health Check Failed: B:FAIL F:FAIL T:OK
2026-03-07 16:13:03,295 [SENTINEL] WARNING: System degradation detected. Initiating automated recovery...
2026-03-07 16:13:03,326 [SENTINEL] INFO: Atlas Sentinel active. Monitoring Swarm health...
2026-03-07 16:13:03,359 [SENTINEL] WARNING: Health Check Failed: B:FAIL F:FAIL T:OK
2026-03-07 16:13:03,359 [SENTINEL] WARNING: System degradation detected. Initiating automated recovery...
2026-03-07 16:13:03,409 [SENTINEL] INFO: Recovery sequence complete. Systems operational.
2026-03-07 16:13:03,522 [SENTINEL] INFO: Recovery sequence complete. Systems operational.
2026-03-07 16:13:03,666 [SENTINEL] INFO: Atlas Sentinel active. Monitoring Swarm health...
2026-03-07 16:13:03,736 [SENTINEL] WARNING: Health Check Failed: B:FAIL F:FAIL T:OK
2026-03-07 16:13:03,736 [SENTINEL] WARNING: System degradation detected. Initiating automated recovery...
2026-03-07 16:13:03,906 [SENTINEL] INFO: Recovery sequence complete. Systems operational.
2026-03-07 16:13:03,910 [SENTINEL] INFO: Atlas Sentinel active. Monitoring Swarm health...
2026-03-07 16:13:03,963 [SENTINEL] WARNING: Health Check Failed: B:FAIL F:FAIL T:OK
2026-03-07 16:13:03,963 [SENTINEL] WARNING: System degradation detected. Initiating automated recovery...
2026-03-07 16:13:04,145 [SENTINEL] INFO: Recovery sequence complete. Systems operational.
2026-03-07 16:13:04,308 [SENTINEL] INFO: Atlas Sentinel active. Monitoring Swarm health...
2026-03-07 16:13:04,372 [SENTINEL] INFO: Atlas Sentinel active. Monitoring Swarm health...
2026-03-07 16:13:09,359 [SENTINEL] WARNING: Health Check Failed: B:FAIL F:FAIL T:OK
2026-03-07 16:13:09,359 [SENTINEL] WARNING: System degradation detected. Initiating automated recovery...
2026-03-07 16:13:09,431 [SENTINEL] WARNING: Health Check Failed: B:FAIL F:FAIL T:OK
2026-03-07 16:13:09,431 [SENTINEL] WARNING: System degradation detected. Initiating automated recovery...
2026-03-07 16:13:09,506 [SENTINEL] INFO: Recovery sequence complete. Systems operational.
2026-03-07 16:13:09,576 [SENTINEL] INFO: Recovery sequence complete. Systems operational.
2026-03-07 16:13:10,019 [SENTINEL] INFO: Atlas Sentinel active. Monitoring Swarm health...
2026-03-07 16:13:10,067 [SENTINEL] WARNING: Health Check Failed: B:FAIL F:FAIL T:OK
2026-03-07 16:13:10,067 [SENTINEL] WARNING: System degradation detected. Initiating automated recovery...
2026-03-07 16:13:10,116 [SENTINEL] INFO: Atlas Sentinel active. Monitoring Swarm health...
2026-03-07 16:13:10,180 [SENTINEL] WARNING: Health Check Failed: B:FAIL F:FAIL T:OK
2026-03-07 16:13:10,180 [SENTINEL] WARNING: System degradation detected. Initiating automated recovery...
2026-03-07 16:13:10,198 [SENTINEL] INFO: Recovery sequence complete. Systems operational.
2026-03-07 16:13:10,311 [SENTINEL] INFO: Recovery sequence complete. Systems operational.
2026-03-07 16:13:10,472 [SENTINEL] INFO: Atlas Sentinel active. Monitoring Swarm health...
2026-03-07 16:13:10,539 [SENTINEL] INFO: Atlas Sentinel active. Monitoring Swarm health...
2026-03-07 16:13:10,596 [SENTINEL] WARNING: Health Check Failed: B:FAIL F:FAIL T:OK
2026-03-07 16:13:10,596 [SENTINEL] WARNING: System degradation detected. Initiating automated recovery...
2026-03-07 16:13:10,627 [SENTINEL] WARNING: Health Check Failed: B:FAIL F:FAIL T:OK
2026-03-07 16:13:10,627 [SENTINEL] WARNING: System degradation detected. Initiating automated recovery...
2026-03-07 16:13:10,923 [SENTINEL] INFO: Recovery sequence complete. Systems operational.
2026-03-07 16:13:10,932 [SENTINEL] INFO: Recovery sequence complete. Systems operational.
2026-03-07 16:13:11,421 [SENTINEL] INFO: Atlas Sentinel active. Monitoring Swarm health...
2026-03-07 16:13:11,530 [SENTINEL] INFO: Atlas Sentinel active. Monitoring Swarm health...
2026-03-07 16:14:23,240 [SENTINEL] INFO: Atlas Sentinel active. Monitoring Swarm health...
2026-03-07 16:14:23,258 [SENTINEL] WARNING: Health Check Failed: B:FAIL F:FAIL T:OK
2026-03-07 16:14:23,259 [SENTINEL] WARNING: System degradation detected. Initiating automated recovery...
2026-03-07 16:14:25,317 [SENTINEL] INFO: Recovery sequence complete. Systems operational.
2026-03-07 16:14:25,427 [SENTINEL] INFO: Atlas Sentinel active. Monitoring Swarm health...
2026-03-07 16:14:25,446 [SENTINEL] WARNING: Health Check Failed: B:FAIL F:FAIL T:OK
2026-03-07 16:14:25,446 [SENTINEL] WARNING: System degradation detected. Initiating automated recovery...
2026-03-07 16:14:27,498 [SENTINEL] INFO: Recovery sequence complete. Systems operational.
2026-03-07 16:14:27,625 [SENTINEL] INFO: Atlas Sentinel active. Monitoring Swarm health...
2026-03-07 16:14:28,320 [SENTINEL] WARNING: Health Check Failed: B:FAIL F:OK T:OK
2026-03-07 16:14:28,321 [SENTINEL] WARNING: System degradation detected. Initiating automated recovery...
2026-03-07 16:14:30,388 [SENTINEL] INFO: Recovery sequence complete. Systems operational.
2026-03-07 16:14:30,495 [SENTINEL] INFO: Atlas Sentinel active. Monitoring Swarm health...
2026-03-07 16:14:30,515 [SENTINEL] WARNING: Health Check Failed: B:FAIL F:FAIL T:OK
2026-03-07 16:14:30,515 [SENTINEL] WARNING: System degradation detected. Initiating automated recovery...
2026-03-07 16:14:32,574 [SENTINEL] INFO: Recovery sequence complete. Systems operational.
2026-03-07 16:14:32,686 [SENTINEL] INFO: Atlas Sentinel active. Monitoring Swarm health...
2026-03-07 16:14:33,276 [SENTINEL] WARNING: Health Check Failed: B:FAIL F:OK T:OK
2026-03-07 16:14:33,276 [SENTINEL] WARNING: System degradation detected. Initiating automated recovery...
2026-03-07 16:14:35,339 [SENTINEL] INFO: Recovery sequence complete. Systems operational.
2026-03-07 16:14:35,456 [SENTINEL] INFO: Atlas Sentinel active. Monitoring Swarm health...
2026-03-07 16:14:35,475 [SENTINEL] WARNING: Health Check Failed: B:FAIL F:FAIL T:OK
2026-03-07 16:14:35,475 [SENTINEL] WARNING: System degradation detected. Initiating automated recovery...
2026-03-07 16:14:37,528 [SENTINEL] INFO: Recovery sequence complete. Systems operational.
2026-03-07 16:14:37,643 [SENTINEL] INFO: Atlas Sentinel active. Monitoring Swarm health...
2026-03-07 16:14:38,265 [SENTINEL] WARNING: Health Check Failed: B:FAIL F:OK T:OK
2026-03-07 16:14:38,265 [SENTINEL] WARNING: System degradation detected. Initiating automated recovery...
2026-03-07 16:14:40,321 [SENTINEL] INFO: Recovery sequence complete. Systems operational.
2026-03-07 16:14:40,433 [SENTINEL] INFO: Atlas Sentinel active. Monitoring Swarm health...
2026-03-07 16:14:40,455 [SENTINEL] WARNING: Health Check Failed: B:FAIL F:FAIL T:OK
2026-03-07 16:14:40,455 [SENTINEL] WARNING: System degradation detected. Initiating automated recovery...
2026-03-07 16:14:42,514 [SENTINEL] INFO: Recovery sequence complete. Systems operational.
2026-03-07 16:14:42,623 [SENTINEL] INFO: Atlas Sentinel active. Monitoring Swarm health...
2026-03-07 16:14:43,211 [SENTINEL] WARNING: Health Check Failed: B:FAIL F:OK T:OK
2026-03-07 16:14:43,211 [SENTINEL] WARNING: System degradation detected. Initiating automated recovery...
2026-03-07 16:14:45,271 [SENTINEL] INFO: Recovery sequence complete. Systems operational.
2026-03-07 16:14:45,390 [SENTINEL] INFO: Atlas Sentinel active. Monitoring Swarm health...
2026-03-07 16:14:45,410 [SENTINEL] WARNING: Health Check Failed: B:FAIL F:FAIL T:OK
2026-03-07 16:14:45,410 [SENTINEL] WARNING: System degradation detected. Initiating automated recovery...
2026-03-07 16:14:47,471 [SENTINEL] INFO: Recovery sequence complete. Systems operational.
2026-03-07 16:14:47,582 [SENTINEL] INFO: Atlas Sentinel active. Monitoring Swarm health...
2026-03-07 16:14:48,197 [SENTINEL] WARNING: Health Check Failed: B:FAIL F:OK T:OK
2026-03-07 16:14:48,197 [SENTINEL] WARNING: System degradation detected. Initiating automated recovery...
2026-03-07 16:14:50,255 [SENTINEL] INFO: Recovery sequence complete. Systems operational.
2026-03-07 16:14:50,376 [SENTINEL] INFO: Atlas Sentinel active. Monitoring Swarm health...
2026-03-07 16:14:50,395 [SENTINEL] WARNING: Health Check Failed: B:FAIL F:FAIL T:OK
2026-03-07 16:14:50,395 [SENTINEL] WARNING: System degradation detected. Initiating automated recovery...
2026-03-07 16:15:15,661 [SENTINEL] INFO: Atlas Sentinel active. Waiting 30s before monitoring Swarm health...
2026-03-07 16:15:46,778 [SENTINEL] INFO: Atlas Sentinel active. Waiting 30s before monitoring Swarm health...
2026-03-07 16:16:16,797 [SENTINEL] WARNING: Health Check Failed: B:FAIL F:FAIL T:FAIL
2026-03-07 16:16:16,797 [SENTINEL] WARNING: System degradation detected. Initiating automated recovery...
2026-03-07 16:16:37,418 [SENTINEL] INFO: Atlas Sentinel active. Waiting 30s before monitoring Swarm health...
2026-03-07 16:17:07,436 [SENTINEL] WARNING: Health Check Failed: B:FAIL F:FAIL T:FAIL
2026-03-07 16:17:07,436 [SENTINEL] WARNING: System degradation detected. Initiating automated recovery...
2026-03-07 16:23:18,830 [SENTINEL] INFO: Atlas Sentinel active. Waiting 30s before monitoring Swarm health...
2026-03-07 16:23:49,317 [SENTINEL] WARNING: Health Check Failed: B:OK F:OK T:FAIL
2026-03-07 16:23:49,317 [SENTINEL] WARNING: System degradation detected. Initiating automated recovery...
2026-03-07 16:24:39,526 [SENTINEL] INFO: Atlas Sentinel active. Waiting 90s before monitoring Swarm health...
2026-03-07 16:26:09,990 [SENTINEL] WARNING: Health Check Failed: B:OK F:OK T:FAIL
2026-03-07 16:26:09,990 [SENTINEL] WARNING: System degradation detected. Initiating automated recovery...
2026-03-07 16:31:49,638 [SENTINEL] INFO: Atlas Sentinel active. Waiting 90s before monitoring Swarm health...
2026-03-07 16:33:19,658 [SENTINEL] WARNING: Health Check Failed: B:OK F:FAIL T:FAIL
2026-03-07 16:33:19,658 [SENTINEL] WARNING: System degradation detected. Initiating automated recovery...
2026-03-07 16:35:09,487 [SENTINEL] INFO: Atlas Sentinel active. Waiting 90s before monitoring Swarm health...
2026-03-07 16:36:39,507 [SENTINEL] WARNING: Health Check Failed: B:OK F:FAIL T:OK
2026-03-07 16:36:39,507 [SENTINEL] WARNING: System degradation detected. Initiating automated recovery...
2026-03-07 22:24:57,422 [SENTINEL] INFO: Atlas Sentinel active. Waiting 90s before monitoring Swarm health...
2026-03-07 22:24:58,729 [SENTINEL] INFO: Atlas Sentinel active. Waiting 90s before monitoring Swarm health...
2026-03-07 22:25:45,149 [SENTINEL] INFO: Atlas Sentinel active. Waiting 90s before monitoring Swarm health...
2026-03-07 22:25:57,198 [SENTINEL] INFO: Atlas Sentinel active. Waiting 90s before monitoring Swarm health...
2026-03-07 22:27:32,222 [SENTINEL] WARNING: Health Check Failed: B:FAIL F:FAIL T:FAIL
2026-03-07 22:27:32,222 [SENTINEL] WARNING: System degradation detected. Initiating automated recovery...
2026-03-07 22:29:22,544 [SENTINEL] INFO: Atlas Sentinel active. Waiting 90s before monitoring Swarm health...
2026-03-07 22:30:52,625 [SENTINEL] WARNING: Health Check Failed: B:FAIL F:OK T:FAIL
2026-03-07 22:30:52,625 [SENTINEL] WARNING: System degradation detected. Initiating automated recovery...
